mode: set
github.com/mateuse/desktop-builder-backend/cmd/api/main.go:13.47,14.71 1 0
github.com/mateuse/desktop-builder-backend/cmd/api/main.go:14.71,20.37 5 0
github.com/mateuse/desktop-builder-backend/cmd/api/main.go:20.37,23.4 2 0
github.com/mateuse/desktop-builder-backend/cmd/api/main.go:24.3,24.23 1 0
github.com/mateuse/desktop-builder-backend/cmd/api/main.go:28.13,30.40 1 0
github.com/mateuse/desktop-builder-backend/cmd/api/main.go:30.40,32.3 1 0
github.com/mateuse/desktop-builder-backend/cmd/api/main.go:35.2,35.51 1 0
github.com/mateuse/desktop-builder-backend/cmd/api/main.go:35.51,37.3 1 0
github.com/mateuse/desktop-builder-backend/cmd/api/main.go:38.2,38.15 1 0
github.com/mateuse/desktop-builder-backend/cmd/api/main.go:38.15,39.47 1 0
github.com/mateuse/desktop-builder-backend/cmd/api/main.go:39.47,41.4 1 0
github.com/mateuse/desktop-builder-backend/cmd/api/main.go:45.2,45.48 1 0
github.com/mateuse/desktop-builder-backend/cmd/api/main.go:45.48,47.3 1 0
github.com/mateuse/desktop-builder-backend/cmd/api/main.go:48.2,48.15 1 0
github.com/mateuse/desktop-builder-backend/cmd/api/main.go:48.15,49.44 1 0
github.com/mateuse/desktop-builder-backend/cmd/api/main.go:49.44,51.4 1 0
github.com/mateuse/desktop-builder-backend/cmd/api/main.go:54.2,59.16 4 0
github.com/mateuse/desktop-builder-backend/cmd/api/main.go:59.16,61.3 1 0
github.com/mateuse/desktop-builder-backend/cmd/api/main.go:63.2,64.69 2 0
github.com/mateuse/desktop-builder-backend/cmd/api/main.go:64.69,66.3 1 0
github.com/mateuse/desktop-builder-backend/internal/testutils/testutils.go:20.35,22.16 2 0
github.com/mateuse/desktop-builder-backend/internal/testutils/testutils.go:22.16,24.3 1 0
github.com/mateuse/desktop-builder-backend/internal/testutils/testutils.go:26.2,29.8 1 0
github.com/mateuse/desktop-builder-backend/internal/testutils/testutils.go:33.32,35.2 1 0
github.com/mateuse/desktop-builder-backend/internal/testutils/testutils.go:43.66,46.2 2 0
github.com/mateuse/desktop-builder-backend/internal/testutils/testutils.go:49.120,52.2 2 0
github.com/mateuse/desktop-builder-backend/internal/testutils/testutils.go:55.77,58.2 2 0
github.com/mateuse/desktop-builder-backend/internal/testutils/testutils.go:61.78,64.2 2 0
github.com/mateuse/desktop-builder-backend/internal/testutils/testutils.go:67.81,70.2 2 0
github.com/mateuse/desktop-builder-backend/internal/testutils/testutils.go:73.41,76.2 2 0
github.com/mateuse/desktop-builder-backend/internal/testutils/testutils.go:79.56,81.2 1 0
github.com/mateuse/desktop-builder-backend/internal/testutils/testutils.go:84.70,88.2 3 0
github.com/mateuse/desktop-builder-backend/internal/testutils/testutils.go:91.56,93.2 1 0
github.com/mateuse/desktop-builder-backend/internal/routes/health.routes.go:9.50,11.2 1 0
github.com/mateuse/desktop-builder-backend/internal/handlers/health.handler.go:10.60,11.32 1 1
github.com/mateuse/desktop-builder-backend/internal/handlers/health.handler.go:11.32,14.3 2 1
github.com/mateuse/desktop-builder-backend/internal/handlers/health.handler.go:16.2,16.69 1 1
github.com/mateuse/desktop-builder-backend/internal/utils/customResponse.util.go:10.72,14.2 3 1
github.com/mateuse/desktop-builder-backend/internal/utils/customResponse.util.go:16.88,23.2 2 1
github.com/mateuse/desktop-builder-backend/internal/utils/customResponse.util.go:25.86,32.2 2 1
github.com/mateuse/desktop-builder-backend/internal/utils/db.util.go:15.33,25.18 7 1
github.com/mateuse/desktop-builder-backend/internal/utils/db.util.go:25.18,27.3 1 1
github.com/mateuse/desktop-builder-backend/internal/utils/db.util.go:28.2,28.18 1 1
github.com/mateuse/desktop-builder-backend/internal/utils/db.util.go:28.18,30.3 1 1
github.com/mateuse/desktop-builder-backend/internal/utils/db.util.go:31.2,31.21 1 1
github.com/mateuse/desktop-builder-backend/internal/utils/db.util.go:31.21,33.3 1 1
github.com/mateuse/desktop-builder-backend/internal/utils/db.util.go:36.2,36.18 1 1
github.com/mateuse/desktop-builder-backend/internal/utils/db.util.go:36.18,38.3 1 1
github.com/mateuse/desktop-builder-backend/internal/utils/db.util.go:39.2,39.22 1 1
github.com/mateuse/desktop-builder-backend/internal/utils/db.util.go:39.22,41.3 1 1
github.com/mateuse/desktop-builder-backend/internal/utils/db.util.go:42.2,42.18 1 1
github.com/mateuse/desktop-builder-backend/internal/utils/db.util.go:42.18,44.3 1 1
github.com/mateuse/desktop-builder-backend/internal/utils/db.util.go:47.2,52.16 3 1
github.com/mateuse/desktop-builder-backend/internal/utils/db.util.go:52.16,54.3 1 0
github.com/mateuse/desktop-builder-backend/internal/utils/db.util.go:57.2,57.34 1 1
github.com/mateuse/desktop-builder-backend/internal/utils/db.util.go:57.34,59.3 1 1
github.com/mateuse/desktop-builder-backend/internal/utils/db.util.go:62.2,67.12 5 0
github.com/mateuse/desktop-builder-backend/internal/utils/db.util.go:71.28,72.15 1 1
github.com/mateuse/desktop-builder-backend/internal/utils/db.util.go:72.15,74.3 1 1
github.com/mateuse/desktop-builder-backend/internal/utils/db.util.go:75.2,75.12 1 1
github.com/mateuse/desktop-builder-backend/internal/utils/db.util.go:79.22,81.2 1 1
github.com/mateuse/desktop-builder-backend/internal/utils/redis.util.go:17.30,25.21 5 1
github.com/mateuse/desktop-builder-backend/internal/utils/redis.util.go:25.21,27.3 1 1
github.com/mateuse/desktop-builder-backend/internal/utils/redis.util.go:28.2,28.21 1 1
github.com/mateuse/desktop-builder-backend/internal/utils/redis.util.go:28.21,30.3 1 1
github.com/mateuse/desktop-builder-backend/internal/utils/redis.util.go:33.2,34.22 2 1
github.com/mateuse/desktop-builder-backend/internal/utils/redis.util.go:34.22,37.17 3 1
github.com/mateuse/desktop-builder-backend/internal/utils/redis.util.go:37.17,39.4 1 1
github.com/mateuse/desktop-builder-backend/internal/utils/redis.util.go:43.2,62.16 6 1
github.com/mateuse/desktop-builder-backend/internal/utils/redis.util.go:62.16,64.3 1 1
github.com/mateuse/desktop-builder-backend/internal/utils/redis.util.go:66.2,68.12 3 1
github.com/mateuse/desktop-builder-backend/internal/utils/redis.util.go:72.25,73.24 1 1
github.com/mateuse/desktop-builder-backend/internal/utils/redis.util.go:73.24,75.3 1 1
github.com/mateuse/desktop-builder-backend/internal/utils/redis.util.go:76.2,76.12 1 1
github.com/mateuse/desktop-builder-backend/internal/utils/redis.util.go:80.37,82.2 1 1
github.com/mateuse/desktop-builder-backend/internal/utils/redis.util.go:85.108,86.24 1 1
github.com/mateuse/desktop-builder-backend/internal/utils/redis.util.go:86.24,88.3 1 1
github.com/mateuse/desktop-builder-backend/internal/utils/redis.util.go:89.2,89.59 1 0
github.com/mateuse/desktop-builder-backend/internal/utils/redis.util.go:93.59,94.24 1 1
github.com/mateuse/desktop-builder-backend/internal/utils/redis.util.go:94.24,96.3 1 1
github.com/mateuse/desktop-builder-backend/internal/utils/redis.util.go:97.2,97.43 1 0
github.com/mateuse/desktop-builder-backend/internal/utils/redis.util.go:101.52,102.24 1 1
github.com/mateuse/desktop-builder-backend/internal/utils/redis.util.go:102.24,104.3 1 1
github.com/mateuse/desktop-builder-backend/internal/utils/redis.util.go:105.2,105.40 1 0
github.com/mateuse/desktop-builder-backend/internal/utils/redis.util.go:109.60,110.24 1 1
github.com/mateuse/desktop-builder-backend/internal/utils/redis.util.go:110.24,112.3 1 1
github.com/mateuse/desktop-builder-backend/internal/utils/redis.util.go:113.2,114.24 2 0
github.com/mateuse/desktop-builder-backend/internal/utils/testutils.go:20.35,22.16 2 0
github.com/mateuse/desktop-builder-backend/internal/utils/testutils.go:22.16,24.3 1 0
github.com/mateuse/desktop-builder-backend/internal/utils/testutils.go:26.2,29.8 1 0
github.com/mateuse/desktop-builder-backend/internal/utils/testutils.go:33.32,35.2 1 0
github.com/mateuse/desktop-builder-backend/internal/utils/testutils.go:43.66,46.2 2 0
github.com/mateuse/desktop-builder-backend/internal/utils/testutils.go:49.120,52.2 2 0
github.com/mateuse/desktop-builder-backend/internal/utils/testutils.go:55.77,58.2 2 0
github.com/mateuse/desktop-builder-backend/internal/utils/testutils.go:61.78,64.2 2 0
github.com/mateuse/desktop-builder-backend/internal/utils/testutils.go:67.81,70.2 2 0
github.com/mateuse/desktop-builder-backend/internal/utils/testutils.go:73.41,76.2 2 0
github.com/mateuse/desktop-builder-backend/internal/utils/testutils.go:79.56,81.2 1 0
github.com/mateuse/desktop-builder-backend/internal/utils/testutils.go:84.70,88.2 3 0
github.com/mateuse/desktop-builder-backend/internal/utils/testutils.go:91.56,93.2 1 0
